<?xml version="1.0" encoding="UTF-8"?>
<!-- Generated by org.testng.reporters.JUnitReportReporter -->
<testsuite hostname="LAPTOP-P84L2RAB" failures="0" tests="1" name="calculator_testcases.CalculatorTest" time="0.012" errors="0" timestamp="2022-09-08T02:31:32 IST" skipped="0">
  <testcase classname="calculator_testcases.CalculatorTest" name="emptyStringChecker" time="0.012"/>
  <system-out/>
</testsuite> <!-- calculator_testcases.CalculatorTest -->
