<?xml version="1.0" encoding="UTF-8"?>
<!-- Generated by org.testng.reporters.JUnitReportReporter -->
<testsuite hostname="LAPTOP-P84L2RAB" failures="0" tests="1" name="calculator_testcases.CalculatorTest" time="0.010" errors="0" timestamp="2022-09-08T04:52:06 IST" skipped="0">
  <testcase classname="calculator_testcases.CalculatorTest" name="numberAdditionsAplhabets" time="0.010"/>
  <system-out/>
</testsuite> <!-- calculator_testcases.CalculatorTest -->
